#! /usr/bin/vvp
:ivl_version "11.0 (stable)";
:ivl_delay_selection "TYPICAL";
:vpi_time_precision + 0;
:vpi_module "/usr/lib/x86_64-linux-gnu/ivl/system.vpi";
:vpi_module "/usr/lib/x86_64-linux-gnu/ivl/vhdl_sys.vpi";
:vpi_module "/usr/lib/x86_64-linux-gnu/ivl/vhdl_textio.vpi";
:vpi_module "/usr/lib/x86_64-linux-gnu/ivl/v2005_math.vpi";
:vpi_module "/usr/lib/x86_64-linux-gnu/ivl/va_math.vpi";
:vpi_module "/usr/lib/x86_64-linux-gnu/ivl/v2009.vpi";
S_0x563a7f56e580 .scope package, "$unit" "$unit" 2 1;
 .timescale 0 0;
S_0x563a7f56dbc0 .scope module, "decodeTOP" "decodeTOP" 3 9;
 .timescale 0 0;
    .port_info 0 /INPUT 1 "clk";
    .port_info 1 /INPUT 32 "instrF";
    .port_info 2 /INPUT 32 "PCF";
    .port_info 3 /INPUT 32 "PCPlus4F";
    .port_info 4 /OUTPUT 5 "rd_A1_RF";
    .port_info 5 /OUTPUT 5 "rd_A2_RF";
    .port_info 6 /OUTPUT 32 "ImmExtD";
    .port_info 7 /OUTPUT 5 "Rs1D";
    .port_info 8 /OUTPUT 5 "Rs2D";
    .port_info 9 /OUTPUT 5 "RdD";
    .port_info 10 /OUTPUT 1 "RegWriteD";
    .port_info 11 /OUTPUT 2 "ResultSrcD";
    .port_info 12 /OUTPUT 1 "MemWriteD";
    .port_info 13 /OUTPUT 1 "JumpD";
    .port_info 14 /OUTPUT 1 "BranchD";
    .port_info 15 /OUTPUT 3 "ALUControlD";
    .port_info 16 /OUTPUT 1 "ALUSrcD";
P_0x563a7f54ec20 .param/l "word_width" 0 3 11, +C4<00000000000000000000000000100000>;
L_0x563a7f5b7800 .functor BUFZ 5, L_0x563a7f5b7130, C4<00000>, C4<00000>, C4<00000>;
L_0x563a7f5b7870 .functor BUFZ 5, L_0x563a7f5b7020, C4<00000>, C4<00000>, C4<00000>;
L_0x563a7f5b7900 .functor BUFZ 5, L_0x563a7f5b7130, C4<00000>, C4<00000>, C4<00000>;
L_0x563a7f5b7970 .functor BUFZ 5, L_0x563a7f5b7020, C4<00000>, C4<00000>, C4<00000>;
L_0x563a7f5b7a70 .functor BUFZ 5, L_0x563a7f5b74d0, C4<00000>, C4<00000>, C4<00000>;
v0x563a7f5b53f0_0 .net "ALUControlD", 2 0, v0x563a7f54ede0_0;  1 drivers
v0x563a7f5b54d0_0 .net "ALUSrcD", 0 0, v0x563a7f5b25a0_0;  1 drivers
v0x563a7f5b55e0_0 .net "BranchD", 0 0, v0x563a7f5b2640_0;  1 drivers
v0x563a7f5b56d0_0 .net "ImmExtD", 31 0, v0x563a7f5b4550_0;  1 drivers
v0x563a7f5b5770_0 .net "ImmSrcD", 1 0, v0x563a7f5b2710_0;  1 drivers
v0x563a7f5b5860_0 .net "JumpD", 0 0, v0x563a7f5b27f0_0;  1 drivers
v0x563a7f5b5950_0 .net "MemWriteD", 0 0, v0x563a7f5b2900_0;  1 drivers
v0x563a7f5b5a40_0 .net "PCD", 31 0, v0x563a7f5b3b80_0;  1 drivers
o0x7fcdc63b67c8 .functor BUFZ 32, C4<zzzzzzzzzzzzzzzzzzzzzzzzzzzzzzzz>; HiZ drive
v0x563a7f5b5ae0_0 .net "PCF", 31 0, o0x7fcdc63b67c8;  0 drivers
v0x563a7f5b5b80_0 .net "PCPlus4D", 31 0, v0x563a7f5b3d60_0;  1 drivers
o0x7fcdc63b6828 .functor BUFZ 32, C4<zzzzzzzzzzzzzzzzzzzzzzzzzzzzzzzz>; HiZ drive
v0x563a7f5b5c20_0 .net "PCPlus4F", 31 0, o0x7fcdc63b6828;  0 drivers
v0x563a7f5b5cc0_0 .net "RdD", 11 7, L_0x563a7f5b7a70;  1 drivers
v0x563a7f5b5d80_0 .net "RegWriteD", 0 0, v0x563a7f5b2b80_0;  1 drivers
v0x563a7f5b5e20_0 .net "ResultSrcD", 1 0, v0x563a7f5b2c40_0;  1 drivers
v0x563a7f5b5f30_0 .net "Rs1D", 19 15, L_0x563a7f5b7900;  1 drivers
v0x563a7f5b6010_0 .net "Rs2D", 24 20, L_0x563a7f5b7970;  1 drivers
o0x7fcdc63b6858 .functor BUFZ 1, C4<z>; HiZ drive
v0x563a7f5b60f0_0 .net "clk", 0 0, o0x7fcdc63b6858;  0 drivers
v0x563a7f5b62a0_0 .var "funct3", 14 12;
v0x563a7f5b6390_0 .var "funct7_5", 0 0;
v0x563a7f5b6480_0 .net "i_11_7", 11 7, L_0x563a7f5b74d0;  1 drivers
v0x563a7f5b6540_0 .net "i_14_12", 14 12, L_0x563a7f5b72c0;  1 drivers
v0x563a7f5b65e0_0 .net "i_19_15", 19 15, L_0x563a7f5b7130;  1 drivers
v0x563a7f5b6680_0 .net "i_24_20", 24 20, L_0x563a7f5b7020;  1 drivers
v0x563a7f5b6750_0 .net "i_30", 0 0, L_0x563a7f5b73e0;  1 drivers
v0x563a7f5b6820_0 .net "i_31_7", 31 7, L_0x563a7f5b7710;  1 drivers
v0x563a7f5b68f0_0 .net "i_6_0", 6 0, L_0x563a7f5b7220;  1 drivers
v0x563a7f5b69c0_0 .net "instrD", 31 0, v0x563a7f5b4040_0;  1 drivers
o0x7fcdc63b68b8 .functor BUFZ 32, C4<zzzzzzzzzzzzzzzzzzzzzzzzzzzzzzzz>; HiZ drive
v0x563a7f5b6ab0_0 .net "instrF", 31 0, o0x7fcdc63b68b8;  0 drivers
v0x563a7f5b6b50_0 .var "op", 6 0;
v0x563a7f5b6c40_0 .net "rd_A1_RF", 19 15, L_0x563a7f5b7800;  1 drivers
v0x563a7f5b6d20_0 .net "rd_A2_RF", 24 20, L_0x563a7f5b7870;  1 drivers
L_0x563a7f5b7bf0 .part v0x563a7f5b4040_0, 7, 25;
S_0x563a7f56df00 .scope module, "thisControl" "controlTOP" 3 82, 4 6 0, S_0x563a7f56dbc0;
 .timescale 0 0;
    .port_info 0 /INPUT 7 "op";
    .port_info 1 /INPUT 3 "funct3";
    .port_info 2 /INPUT 1 "funct7_5";
    .port_info 3 /OUTPUT 1 "regWriteD";
    .port_info 4 /OUTPUT 2 "resultSrcD";
    .port_info 5 /OUTPUT 1 "MemWriteD";
    .port_info 6 /OUTPUT 1 "JumpD";
    .port_info 7 /OUTPUT 1 "BranchD";
    .port_info 8 /OUTPUT 3 "ALUControlD";
    .port_info 9 /OUTPUT 1 "ALUSrcD";
    .port_info 10 /OUTPUT 2 "ImmSrcD";
P_0x563a7f56d190 .param/l "word_width" 0 4 8, +C4<00000000000000000000000000100000>;
v0x563a7f5b2e40_0 .net "ALUControlD", 2 0, v0x563a7f54ede0_0;  alias, 1 drivers
v0x563a7f5b2f20_0 .net "ALUOpD", 1 0, v0x563a7f5b2490_0;  1 drivers
v0x563a7f5b2fc0_0 .net "ALUSrcD", 0 0, v0x563a7f5b25a0_0;  alias, 1 drivers
v0x563a7f5b3090_0 .net "BranchD", 0 0, v0x563a7f5b2640_0;  alias, 1 drivers
v0x563a7f5b3160_0 .net "ImmSrcD", 1 0, v0x563a7f5b2710_0;  alias, 1 drivers
v0x563a7f5b3250_0 .net "JumpD", 0 0, v0x563a7f5b27f0_0;  alias, 1 drivers
v0x563a7f5b3320_0 .net "MemWriteD", 0 0, v0x563a7f5b2900_0;  alias, 1 drivers
v0x563a7f5b33f0_0 .net "funct3", 14 12, v0x563a7f5b62a0_0;  1 drivers
v0x563a7f5b34c0_0 .net "funct7_5", 0 0, v0x563a7f5b6390_0;  1 drivers
v0x563a7f5b3590_0 .net "op", 6 0, v0x563a7f5b6b50_0;  1 drivers
v0x563a7f5b3660_0 .net "regWriteD", 0 0, v0x563a7f5b2b80_0;  alias, 1 drivers
v0x563a7f5b3730_0 .net "resultSrcD", 1 0, v0x563a7f5b2c40_0;  alias, 1 drivers
L_0x563a7f5b7b50 .part v0x563a7f5b6b50_0, 5, 1;
S_0x563a7f56e240 .scope module, "thisALUDecoder" "ALUDecode" 4 26, 5 2 0, S_0x563a7f56df00;
 .timescale 0 0;
    .port_info 0 /INPUT 1 "op_5";
    .port_info 1 /INPUT 3 "funct3";
    .port_info 2 /INPUT 1 "funct7_5";
    .port_info 3 /INPUT 2 "ALUOp";
    .port_info 4 /OUTPUT 3 "ALUControlD";
P_0x563a7f56d590 .param/l "word_width" 0 5 4, +C4<00000000000000000000000000100000>;
L_0x563a7f5b7ae0 .functor AND 1, v0x563a7f5b6390_0, L_0x563a7f5b7b50, C4<1>, C4<1>;
v0x563a7f54ede0_0 .var "ALUControlD", 2 0;
v0x563a7f58a1d0_0 .net "ALUOp", 1 0, v0x563a7f5b2490_0;  alias, 1 drivers
v0x563a7f5b1c90_0 .net "RtypeSub", 0 0, L_0x563a7f5b7ae0;  1 drivers
v0x563a7f5b1d30_0 .net "funct3", 2 0, v0x563a7f5b62a0_0;  alias, 1 drivers
v0x563a7f5b1e10_0 .net "funct7_5", 0 0, v0x563a7f5b6390_0;  alias, 1 drivers
v0x563a7f5b1f20_0 .net "op_5", 0 0, L_0x563a7f5b7b50;  1 drivers
E_0x563a7f57f510 .event edge, v0x563a7f58a1d0_0, v0x563a7f5b1d30_0, v0x563a7f5b1c90_0;
S_0x563a7f5b2080 .scope module, "thisGenDecode" "genControlDecode" 4 35, 6 2 0, S_0x563a7f56df00;
 .timescale 0 0;
    .port_info 0 /INPUT 7 "op";
    .port_info 1 /OUTPUT 1 "regWriteD";
    .port_info 2 /OUTPUT 2 "resultSrcD";
    .port_info 3 /OUTPUT 1 "MemWriteD";
    .port_info 4 /OUTPUT 1 "JumpD";
    .port_info 5 /OUTPUT 1 "BranchD";
    .port_info 6 /OUTPUT 2 "ALUOpD";
    .port_info 7 /OUTPUT 1 "ALUSrcD";
    .port_info 8 /OUTPUT 2 "ImmSrcD";
P_0x563a7f5b2280 .param/l "word_width" 0 6 4, +C4<00000000000000000000000000100000>;
v0x563a7f5b2490_0 .var "ALUOpD", 1 0;
v0x563a7f5b25a0_0 .var "ALUSrcD", 0 0;
v0x563a7f5b2640_0 .var "BranchD", 0 0;
v0x563a7f5b2710_0 .var "ImmSrcD", 1 0;
v0x563a7f5b27f0_0 .var "JumpD", 0 0;
v0x563a7f5b2900_0 .var "MemWriteD", 0 0;
v0x563a7f5b29c0_0 .var "controls", 10 0;
v0x563a7f5b2aa0_0 .net "op", 6 0, v0x563a7f5b6b50_0;  alias, 1 drivers
v0x563a7f5b2b80_0 .var "regWriteD", 0 0;
v0x563a7f5b2c40_0 .var "resultSrcD", 1 0;
E_0x563a7f57edd0 .event edge, v0x563a7f5b2aa0_0;
E_0x563a7f55eff0 .event edge, v0x563a7f5b29c0_0;
S_0x563a7f5b38e0 .scope module, "thisDecodeState" "decodeState" 3 34, 7 1 0, S_0x563a7f56dbc0;
 .timescale 0 0;
    .port_info 0 /INPUT 1 "clk";
    .port_info 1 /INPUT 32 "instrF";
    .port_info 2 /INPUT 32 "PCF";
    .port_info 3 /INPUT 32 "PCPlus4F";
    .port_info 4 /OUTPUT 32 "instrD";
    .port_info 5 /OUTPUT 32 "PCD";
    .port_info 6 /OUTPUT 32 "PCPlus4D";
P_0x563a7f5b3a90 .param/l "word_width" 0 7 3, +C4<00000000000000000000000000100000>;
v0x563a7f5b3b80_0 .var "PCD", 31 0;
v0x563a7f5b3c80_0 .net "PCF", 31 0, o0x7fcdc63b67c8;  alias, 0 drivers
v0x563a7f5b3d60_0 .var "PCPlus4D", 31 0;
v0x563a7f5b3e50_0 .net "PCPlus4F", 31 0, o0x7fcdc63b6828;  alias, 0 drivers
v0x563a7f5b3f30_0 .net "clk", 0 0, o0x7fcdc63b6858;  alias, 0 drivers
v0x563a7f5b4040_0 .var "instrD", 31 0;
v0x563a7f5b4120_0 .net "instrF", 31 0, o0x7fcdc63b68b8;  alias, 0 drivers
E_0x563a7f595db0 .event posedge, v0x563a7f5b3f30_0;
S_0x563a7f5b42e0 .scope module, "thisExtend" "extend" 3 98, 8 3 0, S_0x563a7f56dbc0;
 .timescale 0 0;
    .port_info 0 /INPUT 25 "instr";
    .port_info 1 /INPUT 2 "immsrc";
    .port_info 2 /OUTPUT 32 "immext";
v0x563a7f5b4550_0 .var "immext", 31 0;
v0x563a7f5b4650_0 .net "immsrc", 1 0, v0x563a7f5b2710_0;  alias, 1 drivers
v0x563a7f5b4760_0 .net "instr", 31 7, L_0x563a7f5b7bf0;  1 drivers
E_0x563a7f595860 .event edge, v0x563a7f5b2710_0, v0x563a7f5b4760_0;
S_0x563a7f5b48a0 .scope module, "this_split" "Split" 3 57, 9 1 0, S_0x563a7f56dbc0;
 .timescale 0 0;
    .port_info 0 /INPUT 32 "instr";
    .port_info 1 /OUTPUT 5 "i_24_20";
    .port_info 2 /OUTPUT 5 "i_19_15";
    .port_info 3 /OUTPUT 7 "i_6_0";
    .port_info 4 /OUTPUT 3 "i_14_12";
    .port_info 5 /OUTPUT 1 "i_30";
    .port_info 6 /OUTPUT 5 "i_11_7";
    .port_info 7 /OUTPUT 25 "i_31_7";
v0x563a7f5b4ba0_0 .net "i_11_7", 11 7, L_0x563a7f5b74d0;  alias, 1 drivers
v0x563a7f5b4c80_0 .net "i_14_12", 14 12, L_0x563a7f5b72c0;  alias, 1 drivers
v0x563a7f5b4d60_0 .net "i_19_15", 19 15, L_0x563a7f5b7130;  alias, 1 drivers
v0x563a7f5b4e50_0 .net "i_24_20", 24 20, L_0x563a7f5b7020;  alias, 1 drivers
v0x563a7f5b4f30_0 .net "i_30", 0 0, L_0x563a7f5b73e0;  alias, 1 drivers
v0x563a7f5b5040_0 .net "i_31_7", 31 7, L_0x563a7f5b7710;  alias, 1 drivers
v0x563a7f5b5120_0 .net "i_6_0", 6 0, L_0x563a7f5b7220;  alias, 1 drivers
v0x563a7f5b5200_0 .net "instr", 31 0, v0x563a7f5b4040_0;  alias, 1 drivers
L_0x563a7f5b7020 .part v0x563a7f5b4040_0, 20, 5;
L_0x563a7f5b7130 .part v0x563a7f5b4040_0, 15, 5;
L_0x563a7f5b7220 .part v0x563a7f5b4040_0, 0, 7;
L_0x563a7f5b72c0 .part v0x563a7f5b4040_0, 12, 3;
L_0x563a7f5b73e0 .part v0x563a7f5b4040_0, 30, 1;
L_0x563a7f5b74d0 .part v0x563a7f5b4040_0, 7, 5;
L_0x563a7f5b7710 .part v0x563a7f5b4040_0, 7, 25;
    .scope S_0x563a7f5b38e0;
T_0 ;
    %wait E_0x563a7f595db0;
    %load/vec4 v0x563a7f5b4120_0;
    %assign/vec4 v0x563a7f5b4040_0, 0;
    %load/vec4 v0x563a7f5b3c80_0;
    %assign/vec4 v0x563a7f5b3b80_0, 0;
    %load/vec4 v0x563a7f5b3e50_0;
    %assign/vec4 v0x563a7f5b3d60_0, 0;
    %jmp T_0;
    .thread T_0;
    .scope S_0x563a7f56e240;
T_1 ;
Ewait_0 .event/or E_0x563a7f57f510, E_0x0;
    %wait Ewait_0;
    %load/vec4 v0x563a7f58a1d0_0;
    %dup/vec4;
    %pushi/vec4 0, 0, 2;
    %cmp/u;
    %jmp/1 T_1.0, 6;
    %dup/vec4;
    %pushi/vec4 1, 0, 2;
    %cmp/u;
    %jmp/1 T_1.1, 6;
    %load/vec4 v0x563a7f5b1d30_0;
    %dup/vec4;
    %pushi/vec4 0, 0, 3;
    %cmp/u;
    %jmp/1 T_1.4, 6;
    %dup/vec4;
    %pushi/vec4 2, 0, 3;
    %cmp/u;
    %jmp/1 T_1.5, 6;
    %dup/vec4;
    %pushi/vec4 6, 0, 3;
    %cmp/u;
    %jmp/1 T_1.6, 6;
    %dup/vec4;
    %pushi/vec4 7, 0, 3;
    %cmp/u;
    %jmp/1 T_1.7, 6;
    %pushi/vec4 7, 7, 3;
    %store/vec4 v0x563a7f54ede0_0, 0, 3;
    %jmp T_1.9;
T_1.4 ;
    %load/vec4 v0x563a7f5b1c90_0;
    %flag_set/vec4 8;
    %jmp/0xz  T_1.10, 8;
    %pushi/vec4 1, 0, 3;
    %store/vec4 v0x563a7f54ede0_0, 0, 3;
    %jmp T_1.11;
T_1.10 ;
    %pushi/vec4 0, 0, 3;
    %store/vec4 v0x563a7f54ede0_0, 0, 3;
T_1.11 ;
    %jmp T_1.9;
T_1.5 ;
    %pushi/vec4 5, 0, 3;
    %store/vec4 v0x563a7f54ede0_0, 0, 3;
    %jmp T_1.9;
T_1.6 ;
    %pushi/vec4 3, 0, 3;
    %store/vec4 v0x563a7f54ede0_0, 0, 3;
    %jmp T_1.9;
T_1.7 ;
    %pushi/vec4 2, 0, 3;
    %store/vec4 v0x563a7f54ede0_0, 0, 3;
    %jmp T_1.9;
T_1.9 ;
    %pop/vec4 1;
    %jmp T_1.3;
T_1.0 ;
    %pushi/vec4 0, 0, 3;
    %store/vec4 v0x563a7f54ede0_0, 0, 3;
    %jmp T_1.3;
T_1.1 ;
    %pushi/vec4 1, 0, 3;
    %store/vec4 v0x563a7f54ede0_0, 0, 3;
    %jmp T_1.3;
T_1.3 ;
    %pop/vec4 1;
    %jmp T_1;
    .thread T_1, $push;
    .scope S_0x563a7f5b2080;
T_2 ;
Ewait_1 .event/or E_0x563a7f55eff0, E_0x0;
    %wait Ewait_1;
    %load/vec4 v0x563a7f5b29c0_0;
    %split/vec4 1;
    %store/vec4 v0x563a7f5b27f0_0, 0, 1;
    %split/vec4 2;
    %store/vec4 v0x563a7f5b2490_0, 0, 2;
    %split/vec4 1;
    %store/vec4 v0x563a7f5b2640_0, 0, 1;
    %split/vec4 2;
    %store/vec4 v0x563a7f5b2c40_0, 0, 2;
    %split/vec4 1;
    %store/vec4 v0x563a7f5b2900_0, 0, 1;
    %split/vec4 1;
    %store/vec4 v0x563a7f5b25a0_0, 0, 1;
    %split/vec4 2;
    %store/vec4 v0x563a7f5b2710_0, 0, 2;
    %store/vec4 v0x563a7f5b2b80_0, 0, 1;
    %jmp T_2;
    .thread T_2, $push;
    .scope S_0x563a7f5b2080;
T_3 ;
Ewait_2 .event/or E_0x563a7f57edd0, E_0x0;
    %wait Ewait_2;
    %load/vec4 v0x563a7f5b2aa0_0;
    %dup/vec4;
    %pushi/vec4 3, 0, 7;
    %cmp/u;
    %jmp/1 T_3.0, 6;
    %dup/vec4;
    %pushi/vec4 35, 0, 7;
    %cmp/u;
    %jmp/1 T_3.1, 6;
    %dup/vec4;
    %pushi/vec4 51, 0, 7;
    %cmp/u;
    %jmp/1 T_3.2, 6;
    %dup/vec4;
    %pushi/vec4 99, 0, 7;
    %cmp/u;
    %jmp/1 T_3.3, 6;
    %dup/vec4;
    %pushi/vec4 19, 0, 7;
    %cmp/u;
    %jmp/1 T_3.4, 6;
    %dup/vec4;
    %pushi/vec4 111, 0, 7;
    %cmp/u;
    %jmp/1 T_3.5, 6;
    %pushi/vec4 2047, 2047, 11;
    %store/vec4 v0x563a7f5b29c0_0, 0, 11;
    %jmp T_3.7;
T_3.0 ;
    %pushi/vec4 1168, 0, 11;
    %store/vec4 v0x563a7f5b29c0_0, 0, 11;
    %jmp T_3.7;
T_3.1 ;
    %pushi/vec4 448, 0, 11;
    %store/vec4 v0x563a7f5b29c0_0, 0, 11;
    %jmp T_3.7;
T_3.2 ;
    %pushi/vec4 1796, 768, 11;
    %store/vec4 v0x563a7f5b29c0_0, 0, 11;
    %jmp T_3.7;
T_3.3 ;
    %pushi/vec4 522, 0, 11;
    %store/vec4 v0x563a7f5b29c0_0, 0, 11;
    %jmp T_3.7;
T_3.4 ;
    %pushi/vec4 1156, 0, 11;
    %store/vec4 v0x563a7f5b29c0_0, 0, 11;
    %jmp T_3.7;
T_3.5 ;
    %pushi/vec4 1825, 0, 11;
    %store/vec4 v0x563a7f5b29c0_0, 0, 11;
    %jmp T_3.7;
T_3.7 ;
    %pop/vec4 1;
    %jmp T_3;
    .thread T_3, $push;
    .scope S_0x563a7f5b42e0;
T_4 ;
    %wait E_0x563a7f595860;
    %load/vec4 v0x563a7f5b4650_0;
    %dup/vec4;
    %pushi/vec4 0, 0, 2;
    %cmp/u;
    %jmp/1 T_4.0, 6;
    %dup/vec4;
    %pushi/vec4 1, 0, 2;
    %cmp/u;
    %jmp/1 T_4.1, 6;
    %dup/vec4;
    %pushi/vec4 2, 0, 2;
    %cmp/u;
    %jmp/1 T_4.2, 6;
    %dup/vec4;
    %pushi/vec4 3, 0, 2;
    %cmp/u;
    %jmp/1 T_4.3, 6;
    %pushi/vec4 0, 0, 32;
    %store/vec4 v0x563a7f5b4550_0, 0, 32;
    %jmp T_4.5;
T_4.0 ;
    %load/vec4 v0x563a7f5b4760_0;
    %parti/s 1, 24, 6;
    %replicate 20;
    %load/vec4 v0x563a7f5b4760_0;
    %parti/s 12, 13, 5;
    %concat/vec4; draw_concat_vec4
    %store/vec4 v0x563a7f5b4550_0, 0, 32;
    %jmp T_4.5;
T_4.1 ;
    %load/vec4 v0x563a7f5b4760_0;
    %parti/s 1, 24, 6;
    %replicate 20;
    %load/vec4 v0x563a7f5b4760_0;
    %parti/s 7, 18, 6;
    %concat/vec4; draw_concat_vec4
    %load/vec4 v0x563a7f5b4760_0;
    %parti/s 5, 0, 2;
    %concat/vec4; draw_concat_vec4
    %store/vec4 v0x563a7f5b4550_0, 0, 32;
    %jmp T_4.5;
T_4.2 ;
    %load/vec4 v0x563a7f5b4760_0;
    %parti/s 1, 24, 6;
    %replicate 20;
    %load/vec4 v0x563a7f5b4760_0;
    %parti/s 1, 0, 2;
    %concat/vec4; draw_concat_vec4
    %load/vec4 v0x563a7f5b4760_0;
    %parti/s 6, 18, 6;
    %concat/vec4; draw_concat_vec4
    %load/vec4 v0x563a7f5b4760_0;
    %parti/s 4, 1, 2;
    %concat/vec4; draw_concat_vec4
    %concati/vec4 0, 0, 1;
    %store/vec4 v0x563a7f5b4550_0, 0, 32;
    %jmp T_4.5;
T_4.3 ;
    %load/vec4 v0x563a7f5b4760_0;
    %parti/s 1, 24, 6;
    %replicate 12;
    %load/vec4 v0x563a7f5b4760_0;
    %parti/s 8, 5, 4;
    %concat/vec4; draw_concat_vec4
    %load/vec4 v0x563a7f5b4760_0;
    %parti/s 1, 13, 5;
    %concat/vec4; draw_concat_vec4
    %load/vec4 v0x563a7f5b4760_0;
    %parti/s 10, 14, 5;
    %concat/vec4; draw_concat_vec4
    %concati/vec4 0, 0, 1;
    %store/vec4 v0x563a7f5b4550_0, 0, 32;
    %jmp T_4.5;
T_4.5 ;
    %pop/vec4 1;
    %jmp T_4;
    .thread T_4, $push;
    .scope S_0x563a7f56dbc0;
T_5 ;
    %load/vec4 v0x563a7f5b68f0_0;
    %store/vec4 v0x563a7f5b6b50_0, 0, 7;
    %load/vec4 v0x563a7f5b6540_0;
    %store/vec4 v0x563a7f5b62a0_0, 0, 3;
    %load/vec4 v0x563a7f5b6750_0;
    %store/vec4 v0x563a7f5b6390_0, 0, 1;
    %end;
    .thread T_5, $init;
# The file index is used to find the file name in the following table.
:file_names 10;
    "N/A";
    "<interactive>";
    "-";
    "decodeTOP.sv";
    "/home/saviour/study/riscv/pipeline5/decode/controlTOP.sv";
    "/home/saviour/study/riscv/pipeline5/decode/ALUDecoder.sv";
    "/home/saviour/study/riscv/pipeline5/decode/genDecode.sv";
    "/home/saviour/study/riscv/pipeline5/decode/decodeState.sv";
    "/home/saviour/study/riscv/pipeline5/decode/extend.sv";
    "/home/saviour/study/riscv/pipeline5/decode/split.sv";
